2021-05-19 14:53:40,440 INFO o.a.j.u.JMeterUtils: Setting Locale to en_EN
2021-05-19 14:53:40,515 INFO o.a.j.JMeter: Loading user properties from: /Users/chhex/Projects/api-tests/jmeter/apache-jmeter-5.4.1/bin/user.properties
2021-05-19 14:53:40,516 INFO o.a.j.JMeter: Loading system properties from: /Users/chhex/Projects/api-tests/jmeter/apache-jmeter-5.4.1/bin/system.properties
2021-05-19 14:53:40,530 INFO o.a.j.JMeter: Copyright (c) 1998-2021 The Apache Software Foundation
2021-05-19 14:53:40,530 INFO o.a.j.JMeter: Version 5.4.1
2021-05-19 14:53:40,530 INFO o.a.j.JMeter: java.version=1.8.0_282
2021-05-19 14:53:40,530 INFO o.a.j.JMeter: java.vm.name=OpenJDK 64-Bit Server VM
2021-05-19 14:53:40,530 INFO o.a.j.JMeter: os.name=Mac OS X
2021-05-19 14:53:40,530 INFO o.a.j.JMeter: os.arch=x86_64
2021-05-19 14:53:40,530 INFO o.a.j.JMeter: os.version=10.16
2021-05-19 14:53:40,530 INFO o.a.j.JMeter: file.encoding=UTF-8
2021-05-19 14:53:40,530 INFO o.a.j.JMeter: java.awt.headless=null
2021-05-19 14:53:40,530 INFO o.a.j.JMeter: Max memory     =1073741824
2021-05-19 14:53:40,530 INFO o.a.j.JMeter: Available Processors =4
2021-05-19 14:53:40,541 INFO o.a.j.JMeter: Default Locale=English (EN)
2021-05-19 14:53:40,542 INFO o.a.j.JMeter: JMeter  Locale=English (EN)
2021-05-19 14:53:40,542 INFO o.a.j.JMeter: JMeterHome=/Users/chhex/Projects/api-tests/jmeter/apache-jmeter-5.4.1
2021-05-19 14:53:40,542 INFO o.a.j.JMeter: user.dir  =/Users/chhex/git/api-testing-samples
2021-05-19 14:53:40,542 INFO o.a.j.JMeter: PWD       =/Users/chhex/git/api-testing-samples
2021-05-19 14:53:40,544 INFO o.a.j.JMeter: IP: 127.0.0.1 Name: chhexbook.local FullName: localhost
2021-05-19 14:53:41,423 INFO o.a.j.JMeter: Setting LAF to: com.github.weisj.darklaf.DarkLaf:com.github.weisj.darklaf.theme.DarculaTheme
2021-05-19 14:53:43,489 INFO o.a.j.JMeter: Loaded icon properties from org/apache/jmeter/images/icon.properties
2021-05-19 14:56:08,151 INFO o.a.j.s.FileServer: Default base='/Users/chhex/git/api-testing-samples'
2021-05-19 14:57:21,839 INFO o.a.j.g.a.t.TemplateManager: Reading templates from: /Users/chhex/Projects/api-tests/jmeter/apache-jmeter-5.4.1/bin/templates/templates.xml
2021-05-19 14:57:53,399 INFO o.a.j.g.a.Load: Loading file: /Users/chhex/Projects/api-tests/jmeter/apache-jmeter-5.4.1/bin/templates/functional-testing-01-test-plan.jmx
2021-05-19 14:57:53,591 INFO o.a.j.s.SaveService: Testplan (JMX) version: 2.2. Testlog (JTL) version: 2.2
2021-05-19 14:57:53,615 INFO o.a.j.s.SaveService: Using SaveService properties file encoding UTF-8
2021-05-19 14:57:53,617 INFO o.a.j.s.SaveService: Using SaveService properties version 5.0
2021-05-19 14:57:53,620 INFO o.a.j.s.SaveService: Loading file: /Users/chhex/Projects/api-tests/jmeter/apache-jmeter-5.4.1/bin/templates/functional-testing-01-test-plan.jmx
2021-05-19 14:57:53,686 INFO o.a.j.s.SampleResult: Note: Sample TimeStamps are START times
2021-05-19 14:57:53,686 INFO o.a.j.s.SampleResult: sampleresult.default.encoding is set to ISO-8859-1
2021-05-19 14:57:53,686 INFO o.a.j.s.SampleResult: sampleresult.useNanoTime=true
2021-05-19 14:57:53,686 INFO o.a.j.s.SampleResult: sampleresult.nanoThreadSleep=5000
2021-05-19 14:57:53,920 INFO o.a.j.v.ViewResultsFullVisualizer: Add JavaFX to your Java installation if you want to use renderer: org.apache.jmeter.visualizers.RenderInBrowser
2021-05-19 15:06:50,479 INFO o.a.j.g.a.Load: Loading file: /Users/chhex/Projects/api-tests/jmeter/apache-jmeter-5.4.1/bin/examples/CSVSample.jmx
2021-05-19 15:06:50,479 INFO o.a.j.s.FileServer: Set new base='/Users/chhex/Projects/api-tests/jmeter/apache-jmeter-5.4.1/bin/examples'
2021-05-19 15:06:50,479 INFO o.a.j.s.SaveService: Loading file: /Users/chhex/Projects/api-tests/jmeter/apache-jmeter-5.4.1/bin/examples/CSVSample.jmx
2021-05-19 15:06:50,993 INFO o.a.j.v.ViewResultsFullVisualizer: Add JavaFX to your Java installation if you want to use renderer: org.apache.jmeter.visualizers.RenderInBrowser
2021-05-19 15:06:51,046 INFO o.a.j.s.FileServer: Set new base='/Users/chhex/Projects/api-tests/jmeter/apache-jmeter-5.4.1/bin/examples'
2021-05-19 15:08:02,556 INFO o.a.j.v.ViewResultsFullVisualizer: Add JavaFX to your Java installation if you want to use renderer: org.apache.jmeter.visualizers.RenderInBrowser
2021-05-19 15:10:47,750 INFO o.a.j.g.a.Load: Merging file: /Users/chhex/Projects/api-tests/jmeter/apache-jmeter-5.4.1/bin/templates/BeanShellSampler.jmx
2021-05-19 15:10:47,751 INFO o.a.j.s.SaveService: Loading file: /Users/chhex/Projects/api-tests/jmeter/apache-jmeter-5.4.1/bin/templates/BeanShellSampler.jmx
2021-05-19 15:10:47,812 WARN o.a.j.g.a.Load: Unexpected error. org.apache.jmeter.exceptions.IllegalUserActionException: Can't merge BeanShell Sampler (BeanShellSampler) here
org.apache.jmeter.exceptions.IllegalUserActionException: Can't merge BeanShell Sampler (BeanShellSampler) here
	at org.apache.jmeter.gui.action.Load.insertLoadedTree(Load.java:195) ~[ApacheJMeter_core.jar:5.4.1]
	at org.apache.jmeter.gui.action.Load.loadProjectFile(Load.java:130) ~[ApacheJMeter_core.jar:5.4.1]
	at org.apache.jmeter.gui.action.SelectTemplatesDialog.replaceTemplateParametersAndLoad(SelectTemplatesDialog.java:195) ~[ApacheJMeter_core.jar:5.4.1]
	at org.apache.jmeter.gui.action.SelectTemplatesDialog.checkDirtyAndLoad(SelectTemplatesDialog.java:168) ~[ApacheJMeter_core.jar:5.4.1]
	at org.apache.jmeter.gui.action.SelectTemplatesDialog.actionPerformed(SelectTemplatesDialog.java:306) ~[ApacheJMeter_core.jar:5.4.1]
	at javax.swing.AbstractButton.fireActionPerformed(AbstractButton.java:2022) ~[?:1.8.0_282]
	at javax.swing.AbstractButton$Handler.actionPerformed(AbstractButton.java:2348) ~[?:1.8.0_282]
	at javax.swing.DefaultButtonModel.fireActionPerformed(DefaultButtonModel.java:402) ~[?:1.8.0_282]
	at javax.swing.DefaultButtonModel.setPressed(DefaultButtonModel.java:259) ~[?:1.8.0_282]
	at javax.swing.plaf.basic.BasicButtonListener.mouseReleased(BasicButtonListener.java:252) ~[?:1.8.0_282]
	at com.github.weisj.darklaf.ui.button.DarkButtonListener.mouseReleased(DarkButtonListener.java:72) ~[darklaf-core-2.5.4.jar:2.5.4]
	at java.awt.Component.processMouseEvent(Component.java:6539) ~[?:1.8.0_282]
	at javax.swing.JComponent.processMouseEvent(JComponent.java:3324) ~[?:1.8.0_282]
	at java.awt.Component.processEvent(Component.java:6304) ~[?:1.8.0_282]
	at java.awt.Container.processEvent(Container.java:2239) ~[?:1.8.0_282]
	at java.awt.Component.dispatchEventImpl(Component.java:4889) ~[?:1.8.0_282]
	at java.awt.Container.dispatchEventImpl(Container.java:2297) ~[?:1.8.0_282]
	at java.awt.Component.dispatchEvent(Component.java:4711) ~[?:1.8.0_282]
	at java.awt.LightweightDispatcher.retargetMouseEvent(Container.java:4904) ~[?:1.8.0_282]
	at java.awt.LightweightDispatcher.processMouseEvent(Container.java:4535) ~[?:1.8.0_282]
	at java.awt.LightweightDispatcher.dispatchEvent(Container.java:4476) ~[?:1.8.0_282]
	at java.awt.Container.dispatchEventImpl(Container.java:2283) ~[?:1.8.0_282]
	at java.awt.Window.dispatchEventImpl(Window.java:2746) ~[?:1.8.0_282]
	at java.awt.Component.dispatchEvent(Component.java:4711) ~[?:1.8.0_282]
	at java.awt.EventQueue.dispatchEventImpl(EventQueue.java:760) ~[?:1.8.0_282]
	at java.awt.EventQueue.access$500(EventQueue.java:97) ~[?:1.8.0_282]
	at java.awt.EventQueue$3.run(EventQueue.java:709) ~[?:1.8.0_282]
	at java.awt.EventQueue$3.run(EventQueue.java:703) ~[?:1.8.0_282]
	at java.security.AccessController.doPrivileged(Native Method) ~[?:1.8.0_282]
	at java.security.ProtectionDomain$JavaSecurityAccessImpl.doIntersectionPrivilege(ProtectionDomain.java:74) ~[?:1.8.0_282]
	at java.security.ProtectionDomain$JavaSecurityAccessImpl.doIntersectionPrivilege(ProtectionDomain.java:84) ~[?:1.8.0_282]
	at java.awt.EventQueue$4.run(EventQueue.java:733) ~[?:1.8.0_282]
	at java.awt.EventQueue$4.run(EventQueue.java:731) ~[?:1.8.0_282]
	at java.security.AccessController.doPrivileged(Native Method) ~[?:1.8.0_282]
	at java.security.ProtectionDomain$JavaSecurityAccessImpl.doIntersectionPrivilege(ProtectionDomain.java:74) ~[?:1.8.0_282]
	at java.awt.EventQueue.dispatchEvent(EventQueue.java:730) ~[?:1.8.0_282]
	at java.awt.EventDispatchThread.pumpOneEventForFilters(EventDispatchThread.java:205) ~[?:1.8.0_282]
	at java.awt.EventDispatchThread.pumpEventsForFilter(EventDispatchThread.java:116) ~[?:1.8.0_282]
	at java.awt.EventDispatchThread.pumpEventsForFilter(EventDispatchThread.java:109) ~[?:1.8.0_282]
	at java.awt.WaitDispatchSupport$2.run(WaitDispatchSupport.java:190) ~[?:1.8.0_282]
	at java.awt.WaitDispatchSupport$4.run(WaitDispatchSupport.java:235) ~[?:1.8.0_282]
	at java.awt.WaitDispatchSupport$4.run(WaitDispatchSupport.java:233) ~[?:1.8.0_282]
	at java.security.AccessController.doPrivileged(Native Method) ~[?:1.8.0_282]
	at java.awt.WaitDispatchSupport.enter(WaitDispatchSupport.java:233) ~[?:1.8.0_282]
	at java.awt.Dialog.show(Dialog.java:1084) ~[?:1.8.0_282]
	at java.awt.Component.show(Component.java:1671) ~[?:1.8.0_282]
	at java.awt.Component.setVisible(Component.java:1623) ~[?:1.8.0_282]
	at java.awt.Window.setVisible(Window.java:1014) ~[?:1.8.0_282]
	at java.awt.Dialog.setVisible(Dialog.java:1005) ~[?:1.8.0_282]
	at org.apache.jmeter.gui.action.TemplatesCommand.doActionAfterCheck(TemplatesCommand.java:47) ~[ApacheJMeter_core.jar:5.4.1]
	at org.apache.jmeter.gui.action.AbstractActionWithNoRunningTest.doAction(AbstractActionWithNoRunningTest.java:44) ~[ApacheJMeter_core.jar:5.4.1]
	at org.apache.jmeter.gui.action.ActionRouter.performAction(ActionRouter.java:87) ~[ApacheJMeter_core.jar:5.4.1]
	at org.apache.jmeter.gui.action.ActionRouter.lambda$actionPerformed$0(ActionRouter.java:69) ~[ApacheJMeter_core.jar:5.4.1]
	at java.awt.event.InvocationEvent.dispatch(InvocationEvent.java:311) [?:1.8.0_282]
	at java.awt.EventQueue.dispatchEventImpl(EventQueue.java:758) [?:1.8.0_282]
	at java.awt.EventQueue.access$500(EventQueue.java:97) [?:1.8.0_282]
	at java.awt.EventQueue$3.run(EventQueue.java:709) [?:1.8.0_282]
	at java.awt.EventQueue$3.run(EventQueue.java:703) [?:1.8.0_282]
	at java.security.AccessController.doPrivileged(Native Method) ~[?:1.8.0_282]
	at java.security.ProtectionDomain$JavaSecurityAccessImpl.doIntersectionPrivilege(ProtectionDomain.java:74) [?:1.8.0_282]
	at java.awt.EventQueue.dispatchEvent(EventQueue.java:728) [?:1.8.0_282]
	at java.awt.EventDispatchThread.pumpOneEventForFilters(EventDispatchThread.java:205) [?:1.8.0_282]
	at java.awt.EventDispatchThread.pumpEventsForFilter(EventDispatchThread.java:116) [?:1.8.0_282]
	at java.awt.EventDispatchThread.pumpEventsForHierarchy(EventDispatchThread.java:105) [?:1.8.0_282]
	at java.awt.EventDispatchThread.pumpEvents(EventDispatchThread.java:101) [?:1.8.0_282]
	at java.awt.EventDispatchThread.pumpEvents(EventDispatchThread.java:93) [?:1.8.0_282]
	at java.awt.EventDispatchThread.run(EventDispatchThread.java:82) [?:1.8.0_282]
2021-05-19 15:10:47,820 ERROR o.a.j.u.JMeterUtils: Can't merge BeanShell Sampler (BeanShellSampler) here
2021-05-19 15:11:15,146 INFO o.a.j.g.a.Load: Loading file: /Users/chhex/Projects/api-tests/jmeter/apache-jmeter-5.4.1/bin/templates/build-adv-web-test-plan.jmx
2021-05-19 15:11:15,146 INFO o.a.j.s.SaveService: Loading file: /Users/chhex/Projects/api-tests/jmeter/apache-jmeter-5.4.1/bin/templates/build-adv-web-test-plan.jmx
2021-05-19 15:11:15,149 INFO o.a.j.p.h.c.CookieManager: Settings: Delete null: true Check: true Allow variable: true Save: false Prefix: COOKIE_
2021-05-19 15:11:15,158 INFO o.a.j.p.h.s.HTTPSamplerBase: Parser for text/html is org.apache.jmeter.protocol.http.parser.LagartoBasedHtmlParser
2021-05-19 15:11:15,158 INFO o.a.j.p.h.s.HTTPSamplerBase: Parser for application/xhtml+xml is org.apache.jmeter.protocol.http.parser.LagartoBasedHtmlParser
2021-05-19 15:11:15,158 INFO o.a.j.p.h.s.HTTPSamplerBase: Parser for application/xml is org.apache.jmeter.protocol.http.parser.LagartoBasedHtmlParser
2021-05-19 15:11:15,159 INFO o.a.j.p.h.s.HTTPSamplerBase: Parser for text/xml is org.apache.jmeter.protocol.http.parser.LagartoBasedHtmlParser
2021-05-19 15:11:15,159 INFO o.a.j.p.h.s.HTTPSamplerBase: Parser for text/vnd.wap.wml is org.apache.jmeter.protocol.http.parser.RegexpHTMLParser
2021-05-19 15:11:15,159 INFO o.a.j.p.h.s.HTTPSamplerBase: Parser for text/css is org.apache.jmeter.protocol.http.parser.CssParser
2021-05-19 15:11:15,345 INFO o.a.j.v.ViewResultsFullVisualizer: Add JavaFX to your Java installation if you want to use renderer: org.apache.jmeter.visualizers.RenderInBrowser
2021-05-19 15:20:20,778 INFO o.a.j.e.StandardJMeterEngine: Running the test!
2021-05-19 15:20:20,781 INFO o.a.j.s.SampleEvent: List of sample_variables: []
2021-05-19 15:20:20,781 INFO o.a.j.s.SampleEvent: List of sample_variables: []
2021-05-19 15:20:20,783 INFO o.a.j.e.u.CompoundVariable: Note: Function class names must contain the string: '.functions.'
2021-05-19 15:20:20,783 INFO o.a.j.e.u.CompoundVariable: Note: Function class names must not contain the string: '.gui.'
2021-05-19 15:20:20,842 INFO o.a.j.g.u.JMeterMenuBar: setRunning(true, *local*)
2021-05-19 15:20:20,985 INFO o.a.j.e.StandardJMeterEngine: Starting ThreadGroup: 1 : Thread Group
2021-05-19 15:20:20,985 INFO o.a.j.e.StandardJMeterEngine: Starting 1 threads for group Thread Group.
2021-05-19 15:20:20,986 INFO o.a.j.e.StandardJMeterEngine: Thread will continue on error
2021-05-19 15:20:20,986 INFO o.a.j.t.ThreadGroup: Starting thread group... number=1 threads=1 ramp-up=1 delayedStart=false
2021-05-19 15:20:20,993 INFO o.a.j.t.ThreadGroup: Started thread group number 1
2021-05-19 15:20:20,994 INFO o.a.j.e.StandardJMeterEngine: All thread groups have been started
2021-05-19 15:20:21,000 INFO o.a.j.t.JMeterThread: Thread started: Thread Group 1-1
2021-05-19 15:20:21,057 ERROR o.a.j.e.j.j.JSONPostProcessor: Error processing JSON content in JSON Extractor, message: json can not be null or empty
2021-05-19 15:20:21,058 INFO o.a.j.t.JMeterThread: Thread is done: Thread Group 1-1
2021-05-19 15:20:21,058 INFO o.a.j.t.JMeterThread: Thread finished: Thread Group 1-1
2021-05-19 15:20:21,058 INFO o.a.j.e.StandardJMeterEngine: Notifying test listeners of end of test
2021-05-19 15:20:21,059 INFO o.a.j.g.u.JMeterMenuBar: setRunning(false, *local*)
2021-05-19 15:20:32,334 INFO o.a.j.s.FileServer: Set new base='/Users/chhex/Projects/api-tests/jmeter/plans'
2021-05-19 15:20:40,032 INFO o.a.j.e.StandardJMeterEngine: Running the test!
2021-05-19 15:20:40,033 INFO o.a.j.s.SampleEvent: List of sample_variables: []
2021-05-19 15:20:40,035 INFO o.a.j.g.u.JMeterMenuBar: setRunning(true, *local*)
2021-05-19 15:20:40,135 INFO o.a.j.e.StandardJMeterEngine: Starting ThreadGroup: 1 : Thread Group
2021-05-19 15:20:40,136 INFO o.a.j.e.StandardJMeterEngine: Starting 1 threads for group Thread Group.
2021-05-19 15:20:40,136 INFO o.a.j.e.StandardJMeterEngine: Thread will continue on error
2021-05-19 15:20:40,136 INFO o.a.j.t.ThreadGroup: Starting thread group... number=1 threads=1 ramp-up=1 delayedStart=false
2021-05-19 15:20:40,137 INFO o.a.j.t.ThreadGroup: Started thread group number 1
2021-05-19 15:20:40,137 INFO o.a.j.e.StandardJMeterEngine: All thread groups have been started
2021-05-19 15:20:40,138 INFO o.a.j.t.JMeterThread: Thread started: Thread Group 1-1
2021-05-19 15:20:40,140 ERROR o.a.j.e.j.j.JSONPostProcessor: Error processing JSON content in JSON Extractor, message: json can not be null or empty
2021-05-19 15:20:40,140 INFO o.a.j.t.JMeterThread: Thread is done: Thread Group 1-1
2021-05-19 15:20:40,140 INFO o.a.j.t.JMeterThread: Thread finished: Thread Group 1-1
2021-05-19 15:20:40,140 INFO o.a.j.e.StandardJMeterEngine: Notifying test listeners of end of test
2021-05-19 15:20:40,141 INFO o.a.j.g.u.JMeterMenuBar: setRunning(false, *local*)
2021-05-19 15:22:32,152 INFO o.a.j.e.StandardJMeterEngine: Running the test!
2021-05-19 15:22:32,152 INFO o.a.j.s.SampleEvent: List of sample_variables: []
2021-05-19 15:22:32,155 INFO o.a.j.g.u.JMeterMenuBar: setRunning(true, *local*)
2021-05-19 15:22:32,277 INFO o.a.j.e.StandardJMeterEngine: Starting ThreadGroup: 1 : Thread Group
2021-05-19 15:22:32,278 INFO o.a.j.e.StandardJMeterEngine: Starting 1 threads for group Thread Group.
2021-05-19 15:22:32,278 INFO o.a.j.e.StandardJMeterEngine: Thread will continue on error
2021-05-19 15:22:32,278 INFO o.a.j.t.ThreadGroup: Starting thread group... number=1 threads=1 ramp-up=1 delayedStart=false
2021-05-19 15:22:32,280 INFO o.a.j.t.ThreadGroup: Started thread group number 1
2021-05-19 15:22:32,280 INFO o.a.j.e.StandardJMeterEngine: All thread groups have been started
2021-05-19 15:22:32,281 INFO o.a.j.t.JMeterThread: Thread started: Thread Group 1-1
2021-05-19 15:22:32,282 INFO o.a.j.t.JMeterThread: Thread is done: Thread Group 1-1
2021-05-19 15:22:32,283 INFO o.a.j.t.JMeterThread: Thread finished: Thread Group 1-1
2021-05-19 15:22:32,283 INFO o.a.j.e.StandardJMeterEngine: Notifying test listeners of end of test
2021-05-19 15:22:32,283 INFO o.a.j.g.u.JMeterMenuBar: setRunning(false, *local*)
2021-05-19 15:24:28,165 INFO o.a.j.e.StandardJMeterEngine: Running the test!
2021-05-19 15:24:28,166 INFO o.a.j.s.SampleEvent: List of sample_variables: []
2021-05-19 15:24:28,168 INFO o.a.j.g.u.JMeterMenuBar: setRunning(true, *local*)
2021-05-19 15:24:28,275 INFO o.a.j.e.StandardJMeterEngine: Starting ThreadGroup: 1 : Thread Group
2021-05-19 15:24:28,275 INFO o.a.j.e.StandardJMeterEngine: Starting 1 threads for group Thread Group.
2021-05-19 15:24:28,275 INFO o.a.j.e.StandardJMeterEngine: Thread will continue on error
2021-05-19 15:24:28,276 INFO o.a.j.t.ThreadGroup: Starting thread group... number=1 threads=1 ramp-up=1 delayedStart=false
2021-05-19 15:24:28,276 INFO o.a.j.t.ThreadGroup: Started thread group number 1
2021-05-19 15:24:28,276 INFO o.a.j.e.StandardJMeterEngine: All thread groups have been started
2021-05-19 15:24:28,278 INFO o.a.j.t.JMeterThread: Thread started: Thread Group 1-1
2021-05-19 15:24:28,279 INFO o.a.j.t.JMeterThread: Thread is done: Thread Group 1-1
2021-05-19 15:24:28,280 INFO o.a.j.t.JMeterThread: Thread finished: Thread Group 1-1
2021-05-19 15:24:28,280 INFO o.a.j.e.StandardJMeterEngine: Notifying test listeners of end of test
2021-05-19 15:24:28,280 INFO o.a.j.g.u.JMeterMenuBar: setRunning(false, *local*)
2021-05-19 15:28:06,094 INFO o.a.j.e.StandardJMeterEngine: Running the test!
2021-05-19 15:28:06,095 INFO o.a.j.s.SampleEvent: List of sample_variables: []
2021-05-19 15:28:06,097 INFO o.a.j.g.u.JMeterMenuBar: setRunning(true, *local*)
2021-05-19 15:28:06,223 INFO o.a.j.e.StandardJMeterEngine: Starting ThreadGroup: 1 : Thread Group
2021-05-19 15:28:06,224 INFO o.a.j.e.StandardJMeterEngine: Starting 1 threads for group Thread Group.
2021-05-19 15:28:06,224 INFO o.a.j.e.StandardJMeterEngine: Thread will continue on error
2021-05-19 15:28:06,224 INFO o.a.j.t.ThreadGroup: Starting thread group... number=1 threads=1 ramp-up=1 delayedStart=false
2021-05-19 15:28:06,224 INFO o.a.j.t.ThreadGroup: Started thread group number 1
2021-05-19 15:28:06,224 INFO o.a.j.e.StandardJMeterEngine: All thread groups have been started
2021-05-19 15:28:06,227 INFO o.a.j.t.JMeterThread: Thread started: Thread Group 1-1
2021-05-19 15:28:06,228 INFO o.a.j.t.JMeterThread: Thread is done: Thread Group 1-1
2021-05-19 15:28:06,228 INFO o.a.j.t.JMeterThread: Thread finished: Thread Group 1-1
2021-05-19 15:28:06,229 INFO o.a.j.e.StandardJMeterEngine: Notifying test listeners of end of test
2021-05-19 15:28:06,233 INFO o.a.j.g.u.JMeterMenuBar: setRunning(false, *local*)
2021-05-19 15:28:23,830 INFO o.a.j.e.StandardJMeterEngine: Running the test!
2021-05-19 15:28:23,830 INFO o.a.j.s.SampleEvent: List of sample_variables: []
2021-05-19 15:28:23,833 INFO o.a.j.g.u.JMeterMenuBar: setRunning(true, *local*)
2021-05-19 15:28:23,932 INFO o.a.j.e.StandardJMeterEngine: Starting ThreadGroup: 1 : Thread Group
2021-05-19 15:28:23,932 INFO o.a.j.e.StandardJMeterEngine: Starting 1 threads for group Thread Group.
2021-05-19 15:28:23,932 INFO o.a.j.e.StandardJMeterEngine: Thread will continue on error
2021-05-19 15:28:23,932 INFO o.a.j.t.ThreadGroup: Starting thread group... number=1 threads=1 ramp-up=1 delayedStart=false
2021-05-19 15:28:23,934 INFO o.a.j.t.ThreadGroup: Started thread group number 1
2021-05-19 15:28:23,934 INFO o.a.j.e.StandardJMeterEngine: All thread groups have been started
2021-05-19 15:28:23,936 INFO o.a.j.t.JMeterThread: Thread started: Thread Group 1-1
2021-05-19 15:28:23,937 INFO o.a.j.t.JMeterThread: Thread is done: Thread Group 1-1
2021-05-19 15:28:23,937 INFO o.a.j.t.JMeterThread: Thread finished: Thread Group 1-1
2021-05-19 15:28:23,938 INFO o.a.j.e.StandardJMeterEngine: Notifying test listeners of end of test
2021-05-19 15:28:23,938 INFO o.a.j.g.u.JMeterMenuBar: setRunning(false, *local*)
2021-05-19 15:29:37,971 INFO o.a.j.e.StandardJMeterEngine: Running the test!
2021-05-19 15:29:37,971 INFO o.a.j.s.SampleEvent: List of sample_variables: []
2021-05-19 15:29:37,974 INFO o.a.j.g.u.JMeterMenuBar: setRunning(true, *local*)
2021-05-19 15:29:38,073 INFO o.a.j.e.StandardJMeterEngine: Starting ThreadGroup: 1 : Thread Group
2021-05-19 15:29:38,073 INFO o.a.j.e.StandardJMeterEngine: Starting 1 threads for group Thread Group.
2021-05-19 15:29:38,073 INFO o.a.j.e.StandardJMeterEngine: Thread will continue on error
2021-05-19 15:29:38,073 INFO o.a.j.t.ThreadGroup: Starting thread group... number=1 threads=1 ramp-up=1 delayedStart=false
2021-05-19 15:29:38,074 INFO o.a.j.t.ThreadGroup: Started thread group number 1
2021-05-19 15:29:38,075 INFO o.a.j.e.StandardJMeterEngine: All thread groups have been started
2021-05-19 15:29:38,076 INFO o.a.j.t.JMeterThread: Thread started: Thread Group 1-1
2021-05-19 15:29:38,078 INFO o.a.j.t.JMeterThread: Thread is done: Thread Group 1-1
2021-05-19 15:29:38,078 INFO o.a.j.t.JMeterThread: Thread finished: Thread Group 1-1
2021-05-19 15:29:38,078 INFO o.a.j.e.StandardJMeterEngine: Notifying test listeners of end of test
2021-05-19 15:29:38,079 INFO o.a.j.g.u.JMeterMenuBar: setRunning(false, *local*)
2021-05-19 15:32:04,011 INFO o.a.j.g.a.Load: Loading file: /Users/chhex/Projects/api-tests/jmeter/plans/Api Testing Sample .jmx
2021-05-19 15:32:04,011 INFO o.a.j.s.FileServer: Set new base='/Users/chhex/Projects/api-tests/jmeter/plans'
2021-05-19 15:32:04,011 INFO o.a.j.s.SaveService: Loading file: /Users/chhex/Projects/api-tests/jmeter/plans/Api Testing Sample .jmx
2021-05-19 15:32:04,063 INFO o.a.j.s.FileServer: Set new base='/Users/chhex/Projects/api-tests/jmeter/plans'
2021-05-19 15:32:19,001 INFO o.a.j.e.StandardJMeterEngine: Running the test!
2021-05-19 15:32:19,001 INFO o.a.j.s.SampleEvent: List of sample_variables: []
2021-05-19 15:32:19,002 INFO o.a.j.g.u.JMeterMenuBar: setRunning(true, *local*)
2021-05-19 15:32:19,128 INFO o.a.j.e.StandardJMeterEngine: Starting ThreadGroup: 1 : Thread Group
2021-05-19 15:32:19,128 INFO o.a.j.e.StandardJMeterEngine: Starting 1 threads for group Thread Group.
2021-05-19 15:32:19,128 INFO o.a.j.e.StandardJMeterEngine: Thread will continue on error
2021-05-19 15:32:19,128 INFO o.a.j.t.ThreadGroup: Starting thread group... number=1 threads=1 ramp-up=1 delayedStart=false
2021-05-19 15:32:19,129 INFO o.a.j.t.ThreadGroup: Started thread group number 1
2021-05-19 15:32:19,129 INFO o.a.j.e.StandardJMeterEngine: All thread groups have been started
2021-05-19 15:32:19,133 INFO o.a.j.t.JMeterThread: Thread started: Thread Group 1-1
2021-05-19 15:32:19,134 INFO o.a.j.t.JMeterThread: Thread is done: Thread Group 1-1
2021-05-19 15:32:19,135 INFO o.a.j.t.JMeterThread: Thread finished: Thread Group 1-1
2021-05-19 15:32:19,135 INFO o.a.j.e.StandardJMeterEngine: Notifying test listeners of end of test
2021-05-19 15:32:19,135 INFO o.a.j.g.u.JMeterMenuBar: setRunning(false, *local*)
2021-05-19 15:38:42,665 INFO o.a.j.v.ViewResultsFullVisualizer: Add JavaFX to your Java installation if you want to use renderer: org.apache.jmeter.visualizers.RenderInBrowser
2021-05-19 15:38:55,764 INFO o.a.j.v.ViewResultsFullVisualizer: Add JavaFX to your Java installation if you want to use renderer: org.apache.jmeter.visualizers.RenderInBrowser
2021-05-19 15:40:32,647 INFO o.a.j.e.StandardJMeterEngine: Running the test!
2021-05-19 15:40:32,649 INFO o.a.j.s.SampleEvent: List of sample_variables: []
2021-05-19 15:40:32,658 INFO o.a.j.g.u.JMeterMenuBar: setRunning(true, *local*)
2021-05-19 15:40:32,811 INFO o.a.j.e.StandardJMeterEngine: Starting ThreadGroup: 1 : Thread Group
2021-05-19 15:40:32,811 INFO o.a.j.e.StandardJMeterEngine: Starting 1 threads for group Thread Group.
2021-05-19 15:40:32,811 INFO o.a.j.e.StandardJMeterEngine: Thread will continue on error
2021-05-19 15:40:32,811 INFO o.a.j.t.ThreadGroup: Starting thread group... number=1 threads=1 ramp-up=1 delayedStart=false
2021-05-19 15:40:32,811 INFO o.a.j.t.ThreadGroup: Started thread group number 1
2021-05-19 15:40:32,811 INFO o.a.j.e.StandardJMeterEngine: All thread groups have been started
2021-05-19 15:40:32,813 INFO o.a.j.t.JMeterThread: Thread started: Thread Group 1-1
2021-05-19 15:40:32,815 INFO o.a.j.t.JMeterThread: Thread is done: Thread Group 1-1
2021-05-19 15:40:32,815 INFO o.a.j.t.JMeterThread: Thread finished: Thread Group 1-1
2021-05-19 15:40:32,816 INFO o.a.j.e.StandardJMeterEngine: Notifying test listeners of end of test
2021-05-19 15:40:32,817 INFO o.a.j.g.u.JMeterMenuBar: setRunning(false, *local*)
2021-05-19 15:44:03,838 INFO o.a.j.e.StandardJMeterEngine: Running the test!
2021-05-19 15:44:03,839 INFO o.a.j.s.SampleEvent: List of sample_variables: []
2021-05-19 15:44:03,844 INFO o.a.j.g.u.JMeterMenuBar: setRunning(true, *local*)
2021-05-19 15:44:03,990 INFO o.a.j.e.StandardJMeterEngine: Starting ThreadGroup: 1 : Thread Group
2021-05-19 15:44:03,990 INFO o.a.j.e.StandardJMeterEngine: Starting 1 threads for group Thread Group.
2021-05-19 15:44:03,990 INFO o.a.j.e.StandardJMeterEngine: Thread will continue on error
2021-05-19 15:44:03,990 INFO o.a.j.t.ThreadGroup: Starting thread group... number=1 threads=1 ramp-up=1 delayedStart=false
2021-05-19 15:44:03,991 INFO o.a.j.t.ThreadGroup: Started thread group number 1
2021-05-19 15:44:03,991 INFO o.a.j.e.StandardJMeterEngine: All thread groups have been started
2021-05-19 15:44:03,992 INFO o.a.j.t.JMeterThread: Thread started: Thread Group 1-1
2021-05-19 15:44:04,006 INFO o.a.j.p.h.s.HTTPHCAbstractImpl: Local host = chhexbook.local
2021-05-19 15:44:04,019 INFO o.a.j.p.h.s.HTTPHC4Impl: HTTP request retry count = 0
2021-05-19 15:44:04,189 INFO o.a.j.t.JMeterThread: Thread is done: Thread Group 1-1
2021-05-19 15:44:04,189 INFO o.a.j.t.JMeterThread: Thread finished: Thread Group 1-1
2021-05-19 15:44:04,191 INFO o.a.j.e.StandardJMeterEngine: Notifying test listeners of end of test
2021-05-19 15:44:04,191 INFO o.a.j.g.u.JMeterMenuBar: setRunning(false, *local*)
2021-05-19 15:48:03,721 INFO o.a.j.e.StandardJMeterEngine: Running the test!
2021-05-19 15:48:03,722 INFO o.a.j.s.SampleEvent: List of sample_variables: []
2021-05-19 15:48:03,725 INFO o.a.j.g.u.JMeterMenuBar: setRunning(true, *local*)
2021-05-19 15:48:03,871 INFO o.a.j.e.StandardJMeterEngine: Starting ThreadGroup: 1 : Thread Group
2021-05-19 15:48:03,871 INFO o.a.j.e.StandardJMeterEngine: Starting 1 threads for group Thread Group.
2021-05-19 15:48:03,871 INFO o.a.j.e.StandardJMeterEngine: Thread will continue on error
2021-05-19 15:48:03,871 INFO o.a.j.t.ThreadGroup: Starting thread group... number=1 threads=1 ramp-up=1 delayedStart=false
2021-05-19 15:48:03,872 INFO o.a.j.t.ThreadGroup: Started thread group number 1
2021-05-19 15:48:03,872 INFO o.a.j.e.StandardJMeterEngine: All thread groups have been started
2021-05-19 15:48:03,873 INFO o.a.j.t.JMeterThread: Thread started: Thread Group 1-1
2021-05-19 15:48:03,922 INFO o.a.j.t.JMeterThread: Thread is done: Thread Group 1-1
2021-05-19 15:48:03,922 INFO o.a.j.t.JMeterThread: Thread finished: Thread Group 1-1
2021-05-19 15:48:03,923 INFO o.a.j.e.StandardJMeterEngine: Notifying test listeners of end of test
2021-05-19 15:48:03,923 INFO o.a.j.g.u.JMeterMenuBar: setRunning(false, *local*)
